#
# There is insufficient memory for the Java Runtime Environment to continue.
# Native memory allocation (mmap) failed to map 528482304 bytes for G1 virtual space
# Possible reasons:
#   The system is out of physical RAM or swap space
#   The process is running with CompressedOops enabled, and the Java Heap may be blocking the growth of the native heap
# Possible solutions:
#   Reduce memory load on the system
#   Increase physical memory or swap space
#   Check if swap backing store is full
#   Decrease Java heap size (-Xmx/-Xms)
#   Decrease number of Java threads
#   Decrease Java thread stack sizes (-Xss)
#   Set larger code cache with -XX:ReservedCodeCacheSize=
#   JVM is running with Zero Based Compressed Oops mode in which the Java heap is
#     placed in the first 32GB address space. The Java Heap base address is the
#     maximum limit for the native heap growth. Please use -XX:HeapBaseMinAddress
#     to set the Java Heap base and to place the Java Heap above 32GB virtual address.
# This output file may be truncated or incomplete.
#
#  Out of Memory Error (os_windows.cpp:3469), pid=38872, tid=38124
#
# JRE version:  (17.0+35) (build )
# Java VM: Java HotSpot(TM) 64-Bit Server VM (17+35-LTS-2724, mixed mode, sharing, tiered, compressed oops, compressed class ptrs, g1 gc, windows-amd64)
# No core dump will be written. Minidumps are not enabled by default on client versions of Windows
#

---------------  S U M M A R Y ------------

Command Line: c:\Users\creep\.vscode\extensions\mike-lischke.vscode-antlr4-2.3.0\antlr\antlr-4.9.2-complete.jar -message-format antlr -o c:\Users\creep\Documents\GitHub\LogoScanner\Assets\ANTLR\.antlr -no-listener -no-visitor -Xexact-output-dir c:\Users\creep\Documents\GitHub\LogoScanner\Assets\ANTLR\Logo.g4

Host: AMD Ryzen 9 5900HX with Radeon Graphics        , 16 cores, 31G,  Windows 10 , 64 bit Build 19041 (10.0.19041.1741)
Time: Sun Jun 19 19:39:41 2022  Windows 10 , 64 bit Build 19041 (10.0.19041.1741) elapsed time: 0.008144 seconds (0d 0h 0m 0s)

---------------  T H R E A D  ---------------

Current thread (0x00000239ad6207d0):  JavaThread "Unknown thread" [_thread_in_vm, id=38124, stack(0x000000abc8100000,0x000000abc8200000)]

Stack: [0x000000abc8100000,0x000000abc8200000]
Native frames: (J=compiled Java code, j=interpreted, Vv=VM code, C=native code)
V  [jvm.dll+0x66f8ea]
V  [jvm.dll+0x7ce224]
V  [jvm.dll+0x7cf9ce]
V  [jvm.dll+0x7d0033]
V  [jvm.dll+0x242bb5]
V  [jvm.dll+0x66c909]
V  [jvm.dll+0x6613d2]
V  [jvm.dll+0x30082b]
V  [jvm.dll+0x307db6]
V  [jvm.dll+0x357a0e]
V  [jvm.dll+0x357c3f]
V  [jvm.dll+0x2d7ae8]
V  [jvm.dll+0x2d8a54]
V  [jvm.dll+0x7a00a1]
V  [jvm.dll+0x365781]
V  [jvm.dll+0x77f59c]
V  [jvm.dll+0x3e805f]
V  [jvm.dll+0x3e9b01]
C  [jli.dll+0x527b]
C  [ucrtbase.dll+0x21bb2]
C  [KERNEL32.DLL+0x17034]
C  [ntdll.dll+0x52651]


---------------  P R O C E S S  ---------------

Threads class SMR info:
_java_thread_list=0x00007ffca6e57818, length=0, elements={
}

Java Threads: ( => current thread )

Other Threads:
  0x00000239ad695750 GCTaskThread "GC Thread#0" [stack: 0x000000abc8200000,0x000000abc8300000] [id=44192]
  0x00000239ad6a8200 ConcurrentGCThread "G1 Main Marker" [stack: 0x000000abc8300000,0x000000abc8400000] [id=38140]
  0x00000239ad6a93b0 ConcurrentGCThread "G1 Conc#0" [stack: 0x000000abc8400000,0x000000abc8500000] [id=28164]

[error occurred during error reporting (printing all threads), id 0xc0000005, EXCEPTION_ACCESS_VIOLATION (0xc0000005) at pc=0x00007ffca66a84c7]

VM state: not at safepoint (not fully initialized)

VM Mutex/Monitor currently owned by a thread:  ([mutex/lock_event])
[0x00000239ad61a1a0] Heap_lock - owner thread: 0x00000239ad6207d0

Heap address: 0x0000000609400000, size: 8044 MB, Compressed Oops mode: Zero based, Oop shift amount: 3

CDS archive(s) mapped at: [0x0000000000000000-0x0000000000000000-0x0000000000000000), size 0, SharedBaseAddress: 0x0000000800000000, ArchiveRelocationMode: 0.
Narrow klass base: 0x0000000000000000, Narrow klass shift: 0, Narrow klass range: 0x0

GC Precious Log:
<Empty>

Heap:
 garbage-first heap   total 0K, used 0K [0x0000000609400000, 0x0000000800000000)
  region size 4096K, 0 young (0K), 0 survivors (0K)

[error occurred during error reporting (printing heap information), id 0xc0000005, EXCEPTION_ACCESS_VIOLATION (0xc0000005) at pc=0x00007ffca6a88c59]

GC Heap History (0 events):
No events

Deoptimization events (0 events):
No events

Classes unloaded (0 events):
No events

Classes redefined (0 events):
No events

Internal exceptions (0 events):
No events

VM Operations (0 events):
No events

Events (1 events):
Event: 0.005 Loaded shared library C:\Program Files\Java\jdk-17\bin\java.dll


Dynamic libraries:
0x00007ff6ae650000 - 0x00007ff6ae660000 	C:\Program Files\Java\jdk-17\bin\java.exe
0x00007ffd86670000 - 0x00007ffd86867000 	C:\Windows\SYSTEM32\ntdll.dll
0x00007ffd85850000 - 0x00007ffd8590d000 	C:\Windows\System32\KERNEL32.DLL
0x00007ffd84030000 - 0x00007ffd842fd000 	C:\Windows\System32\KERNELBASE.dll
0x00007ffd83d90000 - 0x00007ffd83e90000 	C:\Windows\System32\ucrtbase.dll
0x00007ffd77d10000 - 0x00007ffd77d28000 	C:\Program Files\Java\jdk-17\bin\jli.dll
0x00007ffd79770000 - 0x00007ffd7978a000 	C:\Program Files\Java\jdk-17\bin\VCRUNTIME140.dll
0x00007ffd84730000 - 0x00007ffd847de000 	C:\Windows\System32\ADVAPI32.dll
0x00007ffd85b40000 - 0x00007ffd85bde000 	C:\Windows\System32\msvcrt.dll
0x00007ffd85310000 - 0x00007ffd853ac000 	C:\Windows\System32\sechost.dll
0x00007ffd85910000 - 0x00007ffd85a35000 	C:\Windows\System32\RPCRT4.dll
0x00007ffd85be0000 - 0x00007ffd85d80000 	C:\Windows\System32\USER32.dll
0x00007ffd7bbe0000 - 0x00007ffd7be7a000 	C:\Windows\WinSxS\amd64_microsoft.windows.common-controls_6595b64144ccf1df_6.0.19041.1110_none_60b5254171f9507e\COMCTL32.dll
0x00007ffd843b0000 - 0x00007ffd843d2000 	C:\Windows\System32\win32u.dll
0x00007ffd85de0000 - 0x00007ffd85e0a000 	C:\Windows\System32\GDI32.dll
0x00007ffd83e90000 - 0x00007ffd83f9b000 	C:\Windows\System32\gdi32full.dll
0x00007ffd843e0000 - 0x00007ffd8447d000 	C:\Windows\System32\msvcp_win.dll
0x00007ffd7ca60000 - 0x00007ffd7ca6a000 	C:\Windows\SYSTEM32\VERSION.dll
0x00007ffd847e0000 - 0x00007ffd84810000 	C:\Windows\System32\IMM32.DLL
0x00007ffd7f640000 - 0x00007ffd7f64c000 	C:\Program Files\Java\jdk-17\bin\vcruntime140_1.dll
0x00007ffd52b80000 - 0x00007ffd52c0d000 	C:\Program Files\Java\jdk-17\bin\msvcp140.dll
0x00007ffca63c0000 - 0x00007ffca6f7e000 	C:\Program Files\Java\jdk-17\bin\server\jvm.dll
0x00007ffd85b30000 - 0x00007ffd85b38000 	C:\Windows\System32\PSAPI.DLL
0x00007ffd67c10000 - 0x00007ffd67c19000 	C:\Windows\SYSTEM32\WSOCK32.dll
0x00007ffd7a210000 - 0x00007ffd7a237000 	C:\Windows\SYSTEM32\WINMM.dll
0x00007ffd85e10000 - 0x00007ffd85e7b000 	C:\Windows\System32\WS2_32.dll
0x00007ffd81e70000 - 0x00007ffd81e82000 	C:\Windows\SYSTEM32\kernel.appcore.dll
0x00007ffd77d40000 - 0x00007ffd77d4a000 	C:\Program Files\Java\jdk-17\bin\jimage.dll
0x00007ffd81ab0000 - 0x00007ffd81c94000 	C:\Windows\SYSTEM32\DBGHELP.DLL
0x00007ffd77b90000 - 0x00007ffd77bbc000 	C:\Windows\SYSTEM32\dbgcore.DLL
0x00007ffd83fa0000 - 0x00007ffd84022000 	C:\Windows\System32\bcryptPrimitives.dll
0x00007ffd752c0000 - 0x00007ffd752e5000 	C:\Program Files\Java\jdk-17\bin\java.dll

dbghelp: loaded successfully - version: 4.0.5 - missing functions: none
symbol engine: initialized successfully - sym options: 0x614 - pdb path: .;C:\Program Files\Java\jdk-17\bin;C:\Windows\SYSTEM32;C:\Windows\WinSxS\amd64_microsoft.windows.common-controls_6595b64144ccf1df_6.0.19041.1110_none_60b5254171f9507e;C:\Program Files\Java\jdk-17\bin\server

VM Arguments:
java_command: c:\Users\creep\.vscode\extensions\mike-lischke.vscode-antlr4-2.3.0\antlr\antlr-4.9.2-complete.jar -message-format antlr -o c:\Users\creep\Documents\GitHub\LogoScanner\Assets\ANTLR\.antlr -no-listener -no-visitor -Xexact-output-dir c:\Users\creep\Documents\GitHub\LogoScanner\Assets\ANTLR\Logo.g4
java_class_path (initial): c:\Users\creep\.vscode\extensions\mike-lischke.vscode-antlr4-2.3.0\antlr\antlr-4.9.2-complete.jar
Launcher Type: SUN_STANDARD

[Global flags]
     intx CICompilerCount                          = 12                                        {product} {ergonomic}
     uint ConcGCThreads                            = 3                                         {product} {ergonomic}
     uint G1ConcRefinementThreads                  = 13                                        {product} {ergonomic}
   size_t G1HeapRegionSize                         = 4194304                                   {product} {ergonomic}
    uintx GCDrainStackTargetSize                   = 64                                        {product} {ergonomic}
   size_t InitialHeapSize                          = 528482304                                 {product} {ergonomic}
   size_t MarkStackSize                            = 4194304                                   {product} {ergonomic}
   size_t MaxHeapSize                              = 8434745344                                {product} {ergonomic}
   size_t MinHeapDeltaBytes                        = 4194304                                   {product} {ergonomic}
   size_t MinHeapSize                              = 8388608                                   {product} {ergonomic}
    uintx NonNMethodCodeHeapSize                   = 7602480                                {pd product} {ergonomic}
    uintx NonProfiledCodeHeapSize                  = 122027880                              {pd product} {ergonomic}
    uintx ProfiledCodeHeapSize                     = 122027880                              {pd product} {ergonomic}
    uintx ReservedCodeCacheSize                    = 251658240                              {pd product} {ergonomic}
     bool SegmentedCodeCache                       = true                                      {product} {ergonomic}
   size_t SoftMaxHeapSize                          = 8434745344                             {manageable} {ergonomic}
     bool UseCompressedClassPointers               = true                           {product lp64_product} {ergonomic}
     bool UseCompressedOops                        = true                           {product lp64_product} {ergonomic}
     bool UseG1GC                                  = true                                      {product} {ergonomic}
     bool UseLargePagesIndividualAllocation        = false                                  {pd product} {ergonomic}

Logging:
Log output configuration:
 #0: stdout all=warning uptime,level,tags
 #1: stderr all=off uptime,level,tags

Environment Variables:
JAVA_HOME=C:\Program Files\Java\jdk-17
CLASSPATH=C:\Javalib\antlr-4.10.1-complete.jar;C:\Javalib\antlr-4.10.1-runtime.jar;C:\Javalib;.;C:\Users\creep\Documents\GitHub\LogoScanner\Assets\ANTLR\antlr-4.10.1-complete.jar;C:\Users\creep\Documents\GitHub\LogoScanner\Assets\ANTLR\antlr-4.10.1-runtime.jar;C:\Users\creep\Documents\GitHub\LogoScanner\Assets\ANTLR;
PATH=C:\Program Files (x86)\Razer Chroma SDK\bin;C:\Program Files\Razer Chroma SDK\bin;C:\Program Files (x86)\Razer\ChromaBroadcast\bin;C:\Program Files\Razer\ChromaBroadcast\bin;C:\Program Files\Common Files\Oracle\Java\javapath;C:\Program Files (x86)\Common Files\Oracle\Java\javapath;C:\Windows\system32;C:\Windows;C:\Windows\System32\Wbem;C:\Windows\System32\WindowsPowerShell\v1.0\;C:\Windows\System32\OpenSSH\;C:\Program Files\NVIDIA Corporation\NVIDIA NvDLISR;C:\Program Files\Java\jdk-17\bin;C:\Program Files\apache-maven-3.8.3-bin\apache-maven-3.8.3\bin;C:\Windows\system32\config\systemprofile\AppData\Local\Microsoft\WindowsApps;C:\Program Files\dotnet\;C:\Program Files\Git\cmd;C:\Program Files\nodejs\;C:\Program Files (x86)\NVIDIA Corporation\PhysX\Common;C:\Program Files\Graphviz\bin;C:\Program Files\Graphviz\bin\dot.exe;C:\Javalib;C:\Program Files\Java\jre1.8.0_333\bin;C:\Users\creep\AppData\Local\Programs\Python\Python38\Scripts\;C:\Users\creep\AppData\Local\Programs\Python\Python38\;C:\Users\creep\AppData\Local\Programs\Python\Python310\Scripts\;C:\Users\creep\AppData\Local\Programs\Python\Python310\;C:\Users\creep\AppData\Local\Microsoft\WindowsApps;C:\Users\creep\AppData\Local\GitHubDesktop\bin;C:\Users\creep\AppData\Local\Programs\Microsoft VS Code\bin;C:\Program Files\JetBrains\IntelliJ IDEA 2021.2.3\bin;;C:\Program Files\JetBrains\PyCharm Community Edition 2021.2.3\bin;;C:\Users\creep\.dotnet\tools;C:\Users\creep\AppData\Roaming\npm
USERNAME=creep
OS=Windows_NT
PROCESSOR_IDENTIFIER=AMD64 Family 25 Model 80 Stepping 0, AuthenticAMD



---------------  S Y S T E M  ---------------

OS:
 Windows 10 , 64 bit Build 19041 (10.0.19041.1741)
OS uptime: 0 days 23:51 hours

CPU: total 16 (initial active 16) (16 cores per cpu, 2 threads per core) family 25 model 80 stepping 0 microcode 0x0, cx8, cmov, fxsr, ht, mmx, 3dnowpref, sse, sse2, sse3, ssse3, sse4a, sse4.1, sse4.2, popcnt, lzcnt, tsc, tscinvbit, avx, avx2, aes, erms, clmul, bmi1, bmi2, adx, sha, fma, vzeroupper, clflush, clflushopt

Memory: 4k page, system-wide physical 32160M (9604M free)
TotalPageFile size 44517M (AvailPageFile size 434M)
current process WorkingSet (physical memory assigned to process): 10M, peak: 11M
current process commit charge ("private bytes"): 70M, peak: 574M

vm_info: Java HotSpot(TM) 64-Bit Server VM (17+35-LTS-2724) for windows-amd64 JRE (17+35-LTS-2724), built on Aug  5 2021 23:28:28 by "mach5one" with MS VC++ 16.8 (VS2019)

END.
